Determining if the pthread_create exist failed with the following output:
Change Dir: /home/hanli/caffe/build/CMakeFiles/CMakeTmp

Run Build Command:"/usr/bin/gmake" "cmTC_05998/fast"
/usr/bin/gmake -f CMakeFiles/cmTC_05998.dir/build.make CMakeFiles/cmTC_05998.dir/build
gmake[1]: Entering directory '/home/hanli/caffe/build/CMakeFiles/CMakeTmp'
Building C object CMakeFiles/cmTC_05998.dir/CheckSymbolExists.c.o
/usr/bin/cc    -o CMakeFiles/cmTC_05998.dir/CheckSymbolExists.c.o   -c /home/hanli/caffe/build/CMakeFiles/CMakeTmp/CheckSymbolExists.c
Linking C executable cmTC_05998
/usr/bin/cmake -E cmake_link_script CMakeFiles/cmTC_05998.dir/link.txt --verbose=1
/usr/bin/cc       CMakeFiles/cmTC_05998.dir/CheckSymbolExists.c.o  -o cmTC_05998 -rdynamic 
CMakeFiles/cmTC_05998.dir/CheckSymbolExists.c.o: In function `main':
CheckSymbolExists.c:(.text+0x16): undefined reference to `pthread_create'
collect2: error: ld returned 1 exit status
CMakeFiles/cmTC_05998.dir/build.make:97: recipe for target 'cmTC_05998' failed
gmake[1]: *** [cmTC_05998] Error 1
gmake[1]: Leaving directory '/home/hanli/caffe/build/CMakeFiles/CMakeTmp'
Makefile:126: recipe for target 'cmTC_05998/fast' failed
gmake: *** [cmTC_05998/fast] Error 2

File /home/hanli/caffe/build/CMakeFiles/CMakeTmp/CheckSymbolExists.c:
/* */
#include <pthread.h>

int main(int argc, char** argv)
{
  (void)argv;
#ifndef pthread_create
  return ((int*)(&pthread_create))[argc];
#else
  (void)argc;
  return 0;
#endif
}

Determining if the function pthread_create exists in the pthreads failed with the following output:
Change Dir: /home/hanli/caffe/build/CMakeFiles/CMakeTmp

Run Build Command:"/usr/bin/gmake" "cmTC_1d4c7/fast"
/usr/bin/gmake -f CMakeFiles/cmTC_1d4c7.dir/build.make CMakeFiles/cmTC_1d4c7.dir/build
gmake[1]: Entering directory '/home/hanli/caffe/build/CMakeFiles/CMakeTmp'
Building C object CMakeFiles/cmTC_1d4c7.dir/CheckFunctionExists.c.o
/usr/bin/cc   -DCHECK_FUNCTION_EXISTS=pthread_create   -o CMakeFiles/cmTC_1d4c7.dir/CheckFunctionExists.c.o   -c /usr/share/cmake/Modules/CheckFunctionExists.c
Linking C executable cmTC_1d4c7
/usr/bin/cmake -E cmake_link_script CMakeFiles/cmTC_1d4c7.dir/link.txt --verbose=1
/usr/bin/cc   -DCHECK_FUNCTION_EXISTS=pthread_create    CMakeFiles/cmTC_1d4c7.dir/CheckFunctionExists.c.o  -o cmTC_1d4c7 -rdynamic -lpthreads 
/usr/lib64/gcc/x86_64-suse-linux/4.8/../../../../x86_64-suse-linux/bin/ld: cannot find -lpthreads
collect2: error: ld returned 1 exit status
CMakeFiles/cmTC_1d4c7.dir/build.make:97: recipe for target 'cmTC_1d4c7' failed
gmake[1]: Leaving directory '/home/hanli/caffe/build/CMakeFiles/CMakeTmp'
gmake[1]: *** [cmTC_1d4c7] Error 1
Makefile:126: recipe for target 'cmTC_1d4c7/fast' failed
gmake: *** [cmTC_1d4c7/fast] Error 2


Determining if the pthread_create exist failed with the following output:
Change Dir: /home/hanli/caffe/build/CMakeFiles/CMakeTmp

Run Build Command:"/usr/bin/gmake" "cmTC_dae79/fast"
/usr/bin/gmake -f CMakeFiles/cmTC_dae79.dir/build.make CMakeFiles/cmTC_dae79.dir/build
gmake[1]: Entering directory '/home/hanli/caffe/build/CMakeFiles/CMakeTmp'
Building C object CMakeFiles/cmTC_dae79.dir/CheckSymbolExists.c.o
/usr/bin/cc    -o CMakeFiles/cmTC_dae79.dir/CheckSymbolExists.c.o   -c /home/hanli/caffe/build/CMakeFiles/CMakeTmp/CheckSymbolExists.c
Linking C executable cmTC_dae79
/usr/bin/cmake -E cmake_link_script CMakeFiles/cmTC_dae79.dir/link.txt --verbose=1
/usr/bin/cc       CMakeFiles/cmTC_dae79.dir/CheckSymbolExists.c.o  -o cmTC_dae79 -rdynamic 
CMakeFiles/cmTC_dae79.dir/CheckSymbolExists.c.o: In function `main':
CheckSymbolExists.c:(.text+0x16): undefined reference to `pthread_create'
collect2: error: ld returned 1 exit status
CMakeFiles/cmTC_dae79.dir/build.make:97: recipe for target 'cmTC_dae79' failed
gmake[1]: Leaving directory '/home/hanli/caffe/build/CMakeFiles/CMakeTmp'
gmake[1]: *** [cmTC_dae79] Error 1
Makefile:126: recipe for target 'cmTC_dae79/fast' failed
gmake: *** [cmTC_dae79/fast] Error 2

File /home/hanli/caffe/build/CMakeFiles/CMakeTmp/CheckSymbolExists.c:
/* */
#include <pthread.h>

int main(int argc, char** argv)
{
  (void)argv;
#ifndef pthread_create
  return ((int*)(&pthread_create))[argc];
#else
  (void)argc;
  return 0;
#endif
}

Determining if the function pthread_create exists in the pthreads failed with the following output:
Change Dir: /home/hanli/caffe/build/CMakeFiles/CMakeTmp

Run Build Command:"/usr/bin/gmake" "cmTC_0c4f8/fast"
/usr/bin/gmake -f CMakeFiles/cmTC_0c4f8.dir/build.make CMakeFiles/cmTC_0c4f8.dir/build
gmake[1]: Entering directory '/home/hanli/caffe/build/CMakeFiles/CMakeTmp'
Building C object CMakeFiles/cmTC_0c4f8.dir/CheckFunctionExists.c.o
/usr/bin/cc   -DCHECK_FUNCTION_EXISTS=pthread_create   -o CMakeFiles/cmTC_0c4f8.dir/CheckFunctionExists.c.o   -c /usr/share/cmake/Modules/CheckFunctionExists.c
Linking C executable cmTC_0c4f8
/usr/bin/cmake -E cmake_link_script CMakeFiles/cmTC_0c4f8.dir/link.txt --verbose=1
/usr/bin/cc   -DCHECK_FUNCTION_EXISTS=pthread_create    CMakeFiles/cmTC_0c4f8.dir/CheckFunctionExists.c.o  -o cmTC_0c4f8 -rdynamic -lpthreads 
/usr/lib64/gcc/x86_64-suse-linux/4.8/../../../../x86_64-suse-linux/bin/ld: cannot find -lpthreads
collect2: error: ld returned 1 exit status
CMakeFiles/cmTC_0c4f8.dir/build.make:97: recipe for target 'cmTC_0c4f8' failed
gmake[1]: Leaving directory '/home/hanli/caffe/build/CMakeFiles/CMakeTmp'
gmake[1]: *** [cmTC_0c4f8] Error 1
Makefile:126: recipe for target 'cmTC_0c4f8/fast' failed
gmake: *** [cmTC_0c4f8/fast] Error 2


Determining if the pthread_create exist failed with the following output:
Change Dir: /home/hanli/caffe/build/CMakeFiles/CMakeTmp

Run Build Command:"/usr/bin/gmake" "cmTC_33458/fast"
/usr/bin/gmake -f CMakeFiles/cmTC_33458.dir/build.make CMakeFiles/cmTC_33458.dir/build
gmake[1]: Entering directory '/home/hanli/caffe/build/CMakeFiles/CMakeTmp'
Building C object CMakeFiles/cmTC_33458.dir/CheckSymbolExists.c.o
/usr/bin/cc    -o CMakeFiles/cmTC_33458.dir/CheckSymbolExists.c.o   -c /home/hanli/caffe/build/CMakeFiles/CMakeTmp/CheckSymbolExists.c
Linking C executable cmTC_33458
/usr/bin/cmake -E cmake_link_script CMakeFiles/cmTC_33458.dir/link.txt --verbose=1
/usr/bin/cc       CMakeFiles/cmTC_33458.dir/CheckSymbolExists.c.o  -o cmTC_33458 -rdynamic 
CMakeFiles/cmTC_33458.dir/CheckSymbolExists.c.o: In function `main':
CheckSymbolExists.c:(.text+0x16): undefined reference to `pthread_create'
collect2: error: ld returned 1 exit status
CMakeFiles/cmTC_33458.dir/build.make:97: recipe for target 'cmTC_33458' failed
gmake[1]: Leaving directory '/home/hanli/caffe/build/CMakeFiles/CMakeTmp'
gmake[1]: *** [cmTC_33458] Error 1
Makefile:126: recipe for target 'cmTC_33458/fast' failed
gmake: *** [cmTC_33458/fast] Error 2

File /home/hanli/caffe/build/CMakeFiles/CMakeTmp/CheckSymbolExists.c:
/* */
#include <pthread.h>

int main(int argc, char** argv)
{
  (void)argv;
#ifndef pthread_create
  return ((int*)(&pthread_create))[argc];
#else
  (void)argc;
  return 0;
#endif
}

Determining if the function pthread_create exists in the pthreads failed with the following output:
Change Dir: /home/hanli/caffe/build/CMakeFiles/CMakeTmp

Run Build Command:"/usr/bin/gmake" "cmTC_4b9e7/fast"
/usr/bin/gmake -f CMakeFiles/cmTC_4b9e7.dir/build.make CMakeFiles/cmTC_4b9e7.dir/build
gmake[1]: Entering directory '/home/hanli/caffe/build/CMakeFiles/CMakeTmp'
Building C object CMakeFiles/cmTC_4b9e7.dir/CheckFunctionExists.c.o
/usr/bin/cc   -DCHECK_FUNCTION_EXISTS=pthread_create   -o CMakeFiles/cmTC_4b9e7.dir/CheckFunctionExists.c.o   -c /usr/share/cmake/Modules/CheckFunctionExists.c
Linking C executable cmTC_4b9e7
/usr/bin/cmake -E cmake_link_script CMakeFiles/cmTC_4b9e7.dir/link.txt --verbose=1
/usr/bin/cc   -DCHECK_FUNCTION_EXISTS=pthread_create    CMakeFiles/cmTC_4b9e7.dir/CheckFunctionExists.c.o  -o cmTC_4b9e7 -rdynamic -lpthreads 
/usr/lib64/gcc/x86_64-suse-linux/4.8/../../../../x86_64-suse-linux/bin/ld: cannot find -lpthreads
collect2: error: ld returned 1 exit status
CMakeFiles/cmTC_4b9e7.dir/build.make:97: recipe for target 'cmTC_4b9e7' failed
gmake[1]: Leaving directory '/home/hanli/caffe/build/CMakeFiles/CMakeTmp'
gmake[1]: *** [cmTC_4b9e7] Error 1
Makefile:126: recipe for target 'cmTC_4b9e7/fast' failed
gmake: *** [cmTC_4b9e7/fast] Error 2


Determining if the pthread_create exist failed with the following output:
Change Dir: /home/hanli/caffe/build/CMakeFiles/CMakeTmp

Run Build Command:"/usr/bin/gmake" "cmTC_384b8/fast"
/usr/bin/gmake -f CMakeFiles/cmTC_384b8.dir/build.make CMakeFiles/cmTC_384b8.dir/build
gmake[1]: Entering directory '/home/hanli/caffe/build/CMakeFiles/CMakeTmp'
Building C object CMakeFiles/cmTC_384b8.dir/CheckSymbolExists.c.o
/usr/bin/cc    -o CMakeFiles/cmTC_384b8.dir/CheckSymbolExists.c.o   -c /home/hanli/caffe/build/CMakeFiles/CMakeTmp/CheckSymbolExists.c
Linking C executable cmTC_384b8
/usr/bin/cmake -E cmake_link_script CMakeFiles/cmTC_384b8.dir/link.txt --verbose=1
/usr/bin/cc       CMakeFiles/cmTC_384b8.dir/CheckSymbolExists.c.o  -o cmTC_384b8 -rdynamic 
CMakeFiles/cmTC_384b8.dir/CheckSymbolExists.c.o: In function `main':
CheckSymbolExists.c:(.text+0x16): undefined reference to `pthread_create'
collect2: error: ld returned 1 exit status
CMakeFiles/cmTC_384b8.dir/build.make:97: recipe for target 'cmTC_384b8' failed
gmake[1]: Leaving directory '/home/hanli/caffe/build/CMakeFiles/CMakeTmp'
gmake[1]: *** [cmTC_384b8] Error 1
Makefile:126: recipe for target 'cmTC_384b8/fast' failed
gmake: *** [cmTC_384b8/fast] Error 2

File /home/hanli/caffe/build/CMakeFiles/CMakeTmp/CheckSymbolExists.c:
/* */
#include <pthread.h>

int main(int argc, char** argv)
{
  (void)argv;
#ifndef pthread_create
  return ((int*)(&pthread_create))[argc];
#else
  (void)argc;
  return 0;
#endif
}

Determining if the function pthread_create exists in the pthreads failed with the following output:
Change Dir: /home/hanli/caffe/build/CMakeFiles/CMakeTmp

Run Build Command:"/usr/bin/gmake" "cmTC_9e96a/fast"
/usr/bin/gmake -f CMakeFiles/cmTC_9e96a.dir/build.make CMakeFiles/cmTC_9e96a.dir/build
gmake[1]: Entering directory '/home/hanli/caffe/build/CMakeFiles/CMakeTmp'
Building C object CMakeFiles/cmTC_9e96a.dir/CheckFunctionExists.c.o
/usr/bin/cc   -DCHECK_FUNCTION_EXISTS=pthread_create   -o CMakeFiles/cmTC_9e96a.dir/CheckFunctionExists.c.o   -c /usr/share/cmake/Modules/CheckFunctionExists.c
Linking C executable cmTC_9e96a
/usr/bin/cmake -E cmake_link_script CMakeFiles/cmTC_9e96a.dir/link.txt --verbose=1
/usr/bin/cc   -DCHECK_FUNCTION_EXISTS=pthread_create    CMakeFiles/cmTC_9e96a.dir/CheckFunctionExists.c.o  -o cmTC_9e96a -rdynamic -lpthreads 
/usr/lib64/gcc/x86_64-suse-linux/4.8/../../../../x86_64-suse-linux/bin/ld: cannot find -lpthreads
collect2: error: ld returned 1 exit status
CMakeFiles/cmTC_9e96a.dir/build.make:97: recipe for target 'cmTC_9e96a' failed
gmake[1]: *** [cmTC_9e96a] Error 1
gmake[1]: Leaving directory '/home/hanli/caffe/build/CMakeFiles/CMakeTmp'
Makefile:126: recipe for target 'cmTC_9e96a/fast' failed
gmake: *** [cmTC_9e96a/fast] Error 2


Determining if the pthread_create exist failed with the following output:
Change Dir: /home/hanli/caffe/build/CMakeFiles/CMakeTmp

Run Build Command:"/usr/bin/gmake" "cmTC_7f74c/fast"
/usr/bin/gmake -f CMakeFiles/cmTC_7f74c.dir/build.make CMakeFiles/cmTC_7f74c.dir/build
gmake[1]: Entering directory '/home/hanli/caffe/build/CMakeFiles/CMakeTmp'
Building C object CMakeFiles/cmTC_7f74c.dir/CheckSymbolExists.c.o
/usr/bin/cc    -o CMakeFiles/cmTC_7f74c.dir/CheckSymbolExists.c.o   -c /home/hanli/caffe/build/CMakeFiles/CMakeTmp/CheckSymbolExists.c
Linking C executable cmTC_7f74c
/usr/bin/cmake -E cmake_link_script CMakeFiles/cmTC_7f74c.dir/link.txt --verbose=1
/usr/bin/cc       CMakeFiles/cmTC_7f74c.dir/CheckSymbolExists.c.o  -o cmTC_7f74c -rdynamic 
CMakeFiles/cmTC_7f74c.dir/CheckSymbolExists.c.o: In function `main':
CheckSymbolExists.c:(.text+0x16): undefined reference to `pthread_create'
collect2: error: ld returned 1 exit status
CMakeFiles/cmTC_7f74c.dir/build.make:97: recipe for target 'cmTC_7f74c' failed
gmake[1]: *** [cmTC_7f74c] Error 1
gmake[1]: Leaving directory '/home/hanli/caffe/build/CMakeFiles/CMakeTmp'
Makefile:126: recipe for target 'cmTC_7f74c/fast' failed
gmake: *** [cmTC_7f74c/fast] Error 2

File /home/hanli/caffe/build/CMakeFiles/CMakeTmp/CheckSymbolExists.c:
/* */
#include <pthread.h>

int main(int argc, char** argv)
{
  (void)argv;
#ifndef pthread_create
  return ((int*)(&pthread_create))[argc];
#else
  (void)argc;
  return 0;
#endif
}

Determining if the function pthread_create exists in the pthreads failed with the following output:
Change Dir: /home/hanli/caffe/build/CMakeFiles/CMakeTmp

Run Build Command:"/usr/bin/gmake" "cmTC_b035e/fast"
/usr/bin/gmake -f CMakeFiles/cmTC_b035e.dir/build.make CMakeFiles/cmTC_b035e.dir/build
gmake[1]: Entering directory '/home/hanli/caffe/build/CMakeFiles/CMakeTmp'
Building C object CMakeFiles/cmTC_b035e.dir/CheckFunctionExists.c.o
/usr/bin/cc   -DCHECK_FUNCTION_EXISTS=pthread_create   -o CMakeFiles/cmTC_b035e.dir/CheckFunctionExists.c.o   -c /usr/share/cmake/Modules/CheckFunctionExists.c
Linking C executable cmTC_b035e
/usr/bin/cmake -E cmake_link_script CMakeFiles/cmTC_b035e.dir/link.txt --verbose=1
/usr/bin/cc   -DCHECK_FUNCTION_EXISTS=pthread_create    CMakeFiles/cmTC_b035e.dir/CheckFunctionExists.c.o  -o cmTC_b035e -rdynamic -lpthreads 
/usr/lib64/gcc/x86_64-suse-linux/4.8/../../../../x86_64-suse-linux/bin/ld: cannot find -lpthreads
collect2: error: ld returned 1 exit status
CMakeFiles/cmTC_b035e.dir/build.make:97: recipe for target 'cmTC_b035e' failed
gmake[1]: Leaving directory '/home/hanli/caffe/build/CMakeFiles/CMakeTmp'
gmake[1]: *** [cmTC_b035e] Error 1
Makefile:126: recipe for target 'cmTC_b035e/fast' failed
gmake: *** [cmTC_b035e/fast] Error 2


